<?xml version="1.0" encoding="UTF-8"?>
<testsuite xmlns:xsi="http://www.w3.org/2001/XMLSchema-instance" xsi:noNamespaceSchemaLocation="https://maven.apache.org/surefire/maven-surefire-plugin/xsd/surefire-test-report-3.0.xsd" version="3.0" name="de.cuzim1tigaaa.workingstation.TestPluginClass" time="0.035" tests="0" errors="0" skipped="0" failures="0">
  <properties>
    <property name="java.specification.version" value="18"/>
    <property name="sun.cpu.isalist" value="amd64"/>
    <property name="sun.jnu.encoding" value="Cp1252"/>
    <property name="java.class.path" value="C:\Workspace\Java\Plugins\FindMyStation\target\test-classes;C:\Workspace\Java\Plugins\FindMyStation\target\classes;C:\Users\Emil Flein\.m2\repository\org\spigotmc\spigot-api\1.19.4-R0.1-SNAPSHOT\spigot-api-1.19.4-R0.1-SNAPSHOT.jar;C:\Users\Emil Flein\.m2\repository\com\google\guava\guava\31.1-jre\guava-31.1-jre.jar;C:\Users\Emil Flein\.m2\repository\com\google\guava\failureaccess\1.0.1\failureaccess-1.0.1.jar;C:\Users\Emil Flein\.m2\repository\com\google\guava\listenablefuture\9999.0-empty-to-avoid-conflict-with-guava\listenablefuture-9999.0-empty-to-avoid-conflict-with-guava.jar;C:\Users\Emil Flein\.m2\repository\com\google\code\findbugs\jsr305\3.0.2\jsr305-3.0.2.jar;C:\Users\Emil Flein\.m2\repository\org\checkerframework\checker-qual\3.12.0\checker-qual-3.12.0.jar;C:\Users\Emil Flein\.m2\repository\com\google\errorprone\error_prone_annotations\2.11.0\error_prone_annotations-2.11.0.jar;C:\Users\Emil Flein\.m2\repository\com\google\j2objc\j2objc-annotations\1.3\j2objc-annotations-1.3.jar;C:\Users\Emil Flein\.m2\repository\com\google\code\gson\gson\2.10\gson-2.10.jar;C:\Users\Emil Flein\.m2\repository\org\joml\joml\1.10.5\joml-1.10.5.jar;C:\Users\Emil Flein\.m2\repository\net\md-5\bungeecord-chat\1.16-R0.4\bungeecord-chat-1.16-R0.4.jar;C:\Users\Emil Flein\.m2\repository\org\yaml\snakeyaml\1.33\snakeyaml-1.33.jar;C:\Users\Emil Flein\.m2\repository\org\projectlombok\lombok\1.18.24\lombok-1.18.24.jar;"/>
    <property name="java.vm.vendor" value="Oracle Corporation"/>
    <property name="sun.arch.data.model" value="64"/>
    <property name="user.variant" value=""/>
    <property name="java.vendor.url" value="https://java.oracle.com/"/>
    <property name="user.timezone" value="Europe/Berlin"/>
    <property name="os.name" value="Windows 11"/>
    <property name="java.vm.specification.version" value="18"/>
    <property name="sun.java.launcher" value="SUN_STANDARD"/>
    <property name="user.country" value="US"/>
    <property name="sun.boot.library.path" value="C:\Program Files\Java\jdk-18.0.2\bin"/>
    <property name="sun.java.command" value="C:\Users\Emil Flein\AppData\Local\Temp\surefire5604985533506609984\surefirebooter-20240115002819889_3.jar C:\Users\Emil Flein\AppData\Local\Temp\surefire5604985533506609984 2024-01-15T00-28-19_546-jvmRun1 surefire-20240115002819889_1tmp surefire_0-20240115002819889_2tmp"/>
    <property name="jdk.debug" value="release"/>
    <property name="surefire.test.class.path" value="C:\Workspace\Java\Plugins\FindMyStation\target\test-classes;C:\Workspace\Java\Plugins\FindMyStation\target\classes;C:\Users\Emil Flein\.m2\repository\org\spigotmc\spigot-api\1.19.4-R0.1-SNAPSHOT\spigot-api-1.19.4-R0.1-SNAPSHOT.jar;C:\Users\Emil Flein\.m2\repository\com\google\guava\guava\31.1-jre\guava-31.1-jre.jar;C:\Users\Emil Flein\.m2\repository\com\google\guava\failureaccess\1.0.1\failureaccess-1.0.1.jar;C:\Users\Emil Flein\.m2\repository\com\google\guava\listenablefuture\9999.0-empty-to-avoid-conflict-with-guava\listenablefuture-9999.0-empty-to-avoid-conflict-with-guava.jar;C:\Users\Emil Flein\.m2\repository\com\google\code\findbugs\jsr305\3.0.2\jsr305-3.0.2.jar;C:\Users\Emil Flein\.m2\repository\org\checkerframework\checker-qual\3.12.0\checker-qual-3.12.0.jar;C:\Users\Emil Flein\.m2\repository\com\google\errorprone\error_prone_annotations\2.11.0\error_prone_annotations-2.11.0.jar;C:\Users\Emil Flein\.m2\repository\com\google\j2objc\j2objc-annotations\1.3\j2objc-annotations-1.3.jar;C:\Users\Emil Flein\.m2\repository\com\google\code\gson\gson\2.10\gson-2.10.jar;C:\Users\Emil Flein\.m2\repository\org\joml\joml\1.10.5\joml-1.10.5.jar;C:\Users\Emil Flein\.m2\repository\net\md-5\bungeecord-chat\1.16-R0.4\bungeecord-chat-1.16-R0.4.jar;C:\Users\Emil Flein\.m2\repository\org\yaml\snakeyaml\1.33\snakeyaml-1.33.jar;C:\Users\Emil Flein\.m2\repository\org\projectlombok\lombok\1.18.24\lombok-1.18.24.jar;"/>
    <property name="sun.cpu.endian" value="little"/>
    <property name="user.home" value="C:\Users\Emil Flein"/>
    <property name="user.language" value="en"/>
    <property name="java.specification.vendor" value="Oracle Corporation"/>
    <property name="java.version.date" value="2022-07-19"/>
    <property name="java.home" value="C:\Program Files\Java\jdk-18.0.2"/>
    <property name="file.separator" value="\"/>
    <property name="basedir" value="C:\Workspace\Java\Plugins\FindMyStation"/>
    <property name="java.vm.compressedOopsMode" value="Zero based"/>
    <property name="line.separator" value="&#10;"/>
    <property name="java.vm.specification.vendor" value="Oracle Corporation"/>
    <property name="java.specification.name" value="Java Platform API Specification"/>
    <property name="surefire.real.class.path" value="C:\Users\Emil Flein\AppData\Local\Temp\surefire5604985533506609984\surefirebooter-20240115002819889_3.jar"/>
    <property name="user.script" value=""/>
    <property name="sun.management.compiler" value="HotSpot 64-Bit Tiered Compilers"/>
    <property name="java.runtime.version" value="18.0.2+9-61"/>
    <property name="user.name" value="Emil Flein"/>
    <property name="path.separator" value=";"/>
    <property name="os.version" value="10.0"/>
    <property name="java.runtime.name" value="OpenJDK Runtime Environment"/>
    <property name="file.encoding" value="UTF-8"/>
    <property name="java.vm.name" value="OpenJDK 64-Bit Server VM"/>
    <property name="localRepository" value="C:\Users\Emil Flein\.m2\repository"/>
    <property name="java.vendor.url.bug" value="https://bugreport.java.com/bugreport/"/>
    <property name="java.io.tmpdir" value="C:\Users\EMILFL~1\AppData\Local\Temp\"/>
    <property name="idea.version" value="2023.3.2"/>
    <property name="java.version" value="18.0.2"/>
    <property name="user.dir" value="C:\Workspace\Java\Plugins\FindMyStation"/>
    <property name="os.arch" value="amd64"/>
    <property name="java.vm.specification.name" value="Java Virtual Machine Specification"/>
    <property name="sun.os.patch.level" value=""/>
    <property name="native.encoding" value="Cp1252"/>
    <property name="java.library.path" value="C:\Program Files\Java\jdk-18.0.2\bin;C:\Windows\Sun\Java\bin;C:\Windows\system32;C:\Windows;C:\Program Files (x86)\Razer Chroma SDK\bin;C:\Program Files\Razer Chroma SDK\bin;C:\Program Files\Common Files\Oracle\Java\javapath;C:\Program Files (x86)\Razer\ChromaBroadcast\bin;C:\Program Files\Razer\ChromaBroadcast\bin;C:\Windows\system32;C:\Windows;C:\Windows\System32\Wbem;C:\Windows\System32\WindowsPowerShell\v1.0\;C:\Windows\System32\OpenSSH\;C:\Windows\system32\config\systemprofile\AppData\Local\Microsoft\WindowsApps;C:\Program Files\Git\cmd;C:\Program Files\nodejs\;C:\Users\Emil Flein\AppData\Local\Programs\Python\Python312\Scripts\;C:\Users\Emil Flein\AppData\Local\Programs\Python\Python312\;C:\Users\Emil Flein\AppData\Local\Microsoft\WindowsApps;C:\Program Files\Java\jdk-18.0.2\bin;C:\Users\Emil Flein\AppData\Local\JetBrains\Toolbox\scripts;C:\Users\Emil Flein\AppData\Local\Programs\Microsoft VS Code\bin;C:\Users\Emil Flein\AppData\Roaming\npm;C:\.m2\apache-maven-3.9.6\bin;C:\Users\Emil Flein\AppData\Local\Programs\Python\Python312\Scripts\;C:\Users\Emil Flein\AppData\Local\Programs\Python\Python312\;C:\Users\Emil Flein\AppData\Local\Microsoft\WindowsApps;C:\Program Files\Java\jdk-18.0.2\bin;C:\Users\Emil Flein\AppData\Local\JetBrains\Toolbox\scripts;C:\Users\Emil Flein\AppData\Local\Programs\Microsoft VS Code\bin;C:\Users\Emil Flein\AppData\Roaming\npm;C:\.m2\apache-maven-3.9.6\bin;;."/>
    <property name="java.vm.info" value="mixed mode, sharing"/>
    <property name="java.vendor" value="Oracle Corporation"/>
    <property name="java.vm.version" value="18.0.2+9-61"/>
    <property name="sun.io.unicode.encoding" value="UnicodeLittle"/>
    <property name="java.class.version" value="62.0"/>
  </properties>
</testsuite>